<?xml version="1.0" encoding="UTF-8"?>
<!-- Generated by org.testng.reporters.JUnitReportReporter -->
<testsuite hostname="CANH-DHQN" failures="0" tests="1" name="Test.NewTest" time="17.029" errors="0" timestamp="2025-01-07T14:09:43 ICT" skipped="0">
  <testcase classname="Test.NewTest" name="loginValid" time="17.029">
    <system-out>
      <![CDATA[User information is valid]]>
    </system-out>
  </testcase> <!-- loginValid -->
  <system-out>
    <![CDATA[User information is valid]]>
  </system-out>
</testsuite> <!-- Test.NewTest -->
